

Microchip Technology PIC18 LITE Macro Assembler V1.33 build 59893 
                                                                                               Wed Feb 11 20:08:40 2015

Microchip Technology Omniscient Code Generator (Lite mode) build 59893
     1                           	processor	18F6490
     2                           	fnconf	rparam,??,?,0
     3                           	opt	pw 120
     4                           	opt	lm
     5                           	psect	text0,global,reloc=2,class=CODE,delta=1
     6                           	psect	cinit,global,reloc=2,class=CODE,delta=1
     7                           	psect	cstackCOMRAM,global,class=COMRAM,space=1,delta=1
     8                           	psect	intsave_regs,global,class=BIGRAM,space=1,delta=1
     9                           	psect	rparam,global,class=COMRAM,space=1,delta=1
    10  0000                     _LCDEN	set	31439
    11                           
    12                           ; 0 bytes @ 0x5
    13 ;;
    14 ;;Main: autosize = 0, tempsize = 0, incstack = 0, save=0
    15 ;;
    16 ;; *************** function _main *****************
    17 ;; Defined at:
    18 ;;		line 45 in file "main.c"
    19 ;; Parameters:    Size  Location     Type
    20 ;;  argc            2    0[COMRAM] int 
    21 ;;  argv            3    2[COMRAM] PTR PTR unsigned char 
    22 ;; Auto vars:     Size  Location     Type
    23 ;;		None
    24 ;; Return value:  Size  Location     Type
    25 ;;                  2    0[COMRAM] int 
    26 ;; Registers used:
    27 ;;		None
    28 ;; Tracked objects:
    29 ;;		On entry : 0/0
    30 ;;		On exit  : 0/0
    31 ;;		Unchanged: 0/0
    32 ;; Data sizes:     COMRAM   BANK0   BANK1   BANK2
    33 ;;      Params:         5       0       0       0
    34 ;;      Locals:         0       0       0       0
    35 ;;      Temps:          0       0       0       0
    36 ;;      Totals:         5       0       0       0
    37 ;;Total ram usage:        5 bytes
    38 ;; This function calls:
    39 ;;		Nothing
    40 ;; This function is called by:
    41 ;;		Startup code after reset
    42 ;; This function uses a non-reentrant model
    43 ;;
    44                           
    45                           	psect	text0
    46  003FF8                     __ptext0:
    47                           	opt stack 0
    48  003FF8                     _main:
    49                           	opt stack 31
    50                           
    51                           ;main.c: 46: LCDEN = 1;
    52                           
    53                           ; BSR set to: 15
    54                           ;incstack = 0
    55  003FF8  010F               	movlb	15	; () banked
    56  003FFA  8F59               	bsf	89,7,b	;volatile
    57                           
    58                           ; BSR set to: 15
    59                           
    60                           ;main.c: 47: return (0);
    61                           ;	Return value of _main is never used
    62  003FFC  EF00  F000         	goto	start
    63  004000                     __end_of_main:
    64                           	opt stack 0
    65  0000                     
    66                           	psect	cinit
    67  003FF2                     __pcinit:
    68                           	opt stack 0
    69  003FF2                     start_initialization:
    70                           	opt stack 0
    71  003FF2                     __initialization:
    72                           	opt stack 0
    73  003FF2                     end_of_initialization:
    74                           	opt stack 0
    75  003FF2                     __end_of__initialization:
    76                           	opt stack 0
    77  003FF2  0100               	movlb	0
    78  003FF4  EFFC  F01F         	goto	_main	;jump to C main() function
    79                           
    80                           	psect	cstackCOMRAM
    81  000001                     __pcstackCOMRAM:
    82                           	opt stack 0
    83  000001                     
    84                           ; 2 bytes @ 0x0
    85  000001                     	ds	2
    86  000003                     
    87                           ; 3 bytes @ 0x2
    88  000003                     	ds	3
    89  000006                     
    90                           	psect	rparam


Data Sizes:
    Strings     0
    Constant    0
    Data        0
    BSS         0
    Persistent  0
    Stack       0

Auto Spaces:
    Space          Size  Autos    Used
    COMRAM           95      5       5
    BANK0           160      0       0
    BANK1           256      0       0
    BANK2           256      0       0

Pointer List with Targets:

    None.

Critical Paths under _main in COMRAM

    None.

Critical Paths under _main in BANK0

    None.

Critical Paths under _main in BANK1

    None.

Critical Paths under _main in BANK2

    None.

Call Graph Tables:

 ---------------------------------------------------------------------------------
 (Depth) Function   	        Calls       Base Space   Used Autos Params    Refs
 ---------------------------------------------------------------------------------
 (0) _main                                                 5     0      5       0
                                              0 COMRAM     5     0      5
 ---------------------------------------------------------------------------------
 Estimated maximum stack depth 0
 ---------------------------------------------------------------------------------

 Call Graph Graphs:

 _main (ROOT)

 Address spaces:
Name               Size   Autos  Total    Cost      Usage
BITCOMRAM           5F      0       0       0        0.0%
NULL                 0      0       0       0        0.0%
CODE                 0      0       0       0        0.0%
COMRAM              5F      5       5       1        5.3%
STACK                0      0       0       2        0.0%
BITBANK0            A0      0       0       3        0.0%
BANK0               A0      0       0       4        0.0%
BANK1              100      0       0       5        0.0%
BITBANK2           100      0       0       6        0.0%
BANK2              100      0       0       7        0.0%
ABS                  0      0       0       8        0.0%
BITBANK1           100      0       0       9        0.0%
BIGRAM             2FF      0       0      10        0.0%
DATA                 0      0       0      11        0.0%
BITSFR_1             0      0       0      40        0.0%
SFR_1                0      0       0      40        0.0%
BITSFR               0      0       0      40        0.0%
SFR                  0      0       0      40        0.0%


Microchip Technology PIC18 Macro Assembler V1.33 build 59893 
Symbol Table                                                                                   Wed Feb 11 20:08:40 2015

            __CFG_CP$OFF 000000              __CFG_BORV$3 000000             __CFG_WDT$OFF 000000  
                   _main 3FF8                     start 0000            __CFG_IESO$OFF 000000  
          __CFG_MCLRE$ON 000000            __CFG_OSC$RCIO 000000                    ?_main 0001  
                  _LCDEN 007ACF            __CFG_PWRT$OFF 000000           __CFG_FCMEN$OFF 000000  
        __initialization 3FF2             __end_of_main 4000                   ??_main 0006  
          __activetblptr 000000           __CFG_XINST$OFF 000000           __CFG_STVREN$ON 000000  
             __accesstop 0060  __end_of__initialization 3FF2           __pcstackCOMRAM 0001  
                __Hparam 0000                  __Lparam 0000                  __pcinit 3FF2  
                __ramtop 0300                  __ptext0 3FF8     end_of_initialization 3FF2  
    start_initialization 3FF2         __CFG_LPT1OSC$OFF 000000        __CFG_CCP2MX$PORTC 000000  
       __CFG_WDTPS$32768 000000                 __Hrparam 0000                 __Lrparam 0000  
     __CFG_BOREN$SBORDIS 000000            __size_of_main 0008                 main@argc 0001  
               main@argv 0003  
